Using pre-set license
Built from '2020.3/staging' branch; Version is '2020.3.11f1 (99c7afb366b3) revision 10078127'; Using compiler version '192528614'; Build Type 'Release'
OS: 'Windows 10 Home; OS build 19041.985; Version 2004; 64bit' Language: 'en' Physical Memory: 16307 MB
BatchMode: 1, IsHumanControllingUs: 0, StartBugReporterOnCrash: 0, Is64bit: 1, IsPro: 0

 COMMAND LINE ARGUMENTS:
C:\Program Files\Unity\Hub\Editor\2020.3.11f1\Editor\Unity.exe
-adb2
-batchMode
-noUpm
-name
AssetImportWorker0
-projectPath
G:/_Main Drive/unity/southjam_21/ContestedSkies
-logFile
Logs/AssetImportWorker0.log
-srvPort
51267
Successfully changed project path to: G:/_Main Drive/unity/southjam_21/ContestedSkies
G:/_Main Drive/unity/southjam_21/ContestedSkies
Using Asset Import Pipeline V2.
