Using pre-set license
Built from '2020.3/staging' branch; Version is '2020.3.11f1 (99c7afb366b3) revision 10078127'; Using compiler version '192528614'; Build Type 'Release'
OS: 'Windows 10 Home; OS build 19041.985; Version 2004; 64bit' Language: 'en' Physical Memory: 16307 MB
BatchMode: 1, IsHumanControllingUs: 0, StartBugReporterOnCrash: 0, Is64bit: 1, IsPro: 0

 COMMAND LINE ARGUMENTS:
C:\Program Files\Unity\Hub\Editor\2020.3.11f1\Editor\Unity.exe
-adb2
-batchMode
-noUpm
-name
AssetImportWorker0
-projectPath
G:/_Main Drive/unity/southjam_21/ContestedSkies
-logFile
Logs/AssetImportWorker0.log
-srvPort
57174
Successfully changed project path to: G:/_Main Drive/unity/southjam_21/ContestedSkies
G:/_Main Drive/unity/southjam_21/ContestedSkies
Using Asset Import Pipeline V2.
Refreshing native plugins compatible for Editor in 41.27 ms, found 3 plugins.
Preloading 0 native plugins for Editor in 0.00 ms.
Initialize engine version: 2020.3.11f1 (99c7afb366b3)
[Subsystems] Discovering subsystems at path C:/Program Files/Unity/Hub/Editor/2020.3.11f1/Editor/Data/Resources/UnitySubsystems
[Subsystems] Discovering subsystems at path G:/_Main Drive/unity/southjam_21/ContestedSkies/Assets
GfxDevice: creating device client; threaded=0
Direct3D:
    Version:  Direct3D 11.0 [level 11.1]
    Renderer: NVIDIA GeForce GTX 960 (ID=0x1401)
    Vendor:   
    VRAM:     2007 MB
    Driver:   27.21.14.6627
Initialize mono
Mono path[0] = 'C:/Program Files/Unity/Hub/Editor/2020.3.11f1/Editor/Data/Managed'
Mono path[1] = 'C:/Program Files/Unity/Hub/Editor/2020.3.11f1/Editor/Data/MonoBleedingEdge/lib/mono/unityjit'
Mono config path = 'C:/Program Files/Unity/Hub/Editor/2020.3.11f1/Editor/Data/MonoBleedingEdge/etc'
Using monoOptions --debugger-agent=transport=dt_socket,embedding=1,server=y,suspend=n,address=127.0.0.1:56620
Begin MonoManager ReloadAssembly
Registering precompiled unity dll's ...
Register platform support module: C:/Program Files/Unity/Hub/Editor/2020.3.11f1/Editor/Data/PlaybackEngines/WebGLSupport/UnityEditor.WebGL.Extensions.dll
Register platform support module: C:/Program Files/Unity/Hub/Editor/2020.3.11f1/Editor/Data/PlaybackEngines/WindowsStandaloneSupport/UnityEditor.WindowsStandalone.Extensions.dll
Registered in 0.002422 seconds.
Native extension for WindowsStandalone target not found
Native extension for WebGL target not found
Refreshing native plugins compatible for Editor in 38.26 ms, found 3 plugins.
Preloading 0 native plugins for Editor in 0.00 ms.
Mono: successfully reloaded assembly
- Completed reload, in  1.076 seconds
Platform modules already initialized, skipping
Registering precompiled user dll's ...
Registered in 0.003617 seconds.
Begin MonoManager ReloadAssembly
Native extension for WindowsStandalone target not found
Native extension for WebGL target not found
Refreshing native plugins compatible for Editor in 36.13 ms, found 3 plugins.
Preloading 0 native plugins for Editor in 0.00 ms.
Mono: successfully reloaded assembly
- Completed reload, in  1.022 seconds
Platform modules already initialized, skipping
========================================================================
Worker process is ready to serve import requests
Launched and connected shader compiler UnityShaderCompiler.exe after 0.04 seconds
Refreshing native plugins compatible for Editor in 0.73 ms, found 3 plugins.
Preloading 0 native plugins for Editor in 0.00 ms.
Unloading 2230 Unused Serialized files (Serialized files now loaded: 0)
System memory in use before: 97.6 MB.
System memory in use after: 97.6 MB.

Unloading 34 unused Assets to reduce memory usage. Loaded Objects now: 2663.
Total: 2.144900 ms (FindLiveObjects: 0.203200 ms CreateObjectMapping: 0.065400 ms MarkObjects: 1.761700 ms  DeleteObjects: 0.113700 ms)

========================================================================
Received Import Request.
  path: Assets/Scenes/Dev/Ethan's Monke Pit.unity
  artifactKey: Guid(91edc4f7bb6c99846bc65012ceb31a0f) Importer(815301076,1909f56bfc062723c751e8b465ee728b)
Start importing Assets/Scenes/Dev/Ethan's Monke Pit.unity using Guid(91edc4f7bb6c99846bc65012ceb31a0f) Importer(815301076,1909f56bfc062723c751e8b465ee728b)  -> (artifact id: '6d69adf3ea5b97fca004c1f82265e955') in 0.028934 seconds
  Import took 0.031887 seconds .

========================================================================
Received Import Request.
  Time since last request: 6.410519 seconds.
  path: Assets/Sprites/Pigun Animations/pigun.png
  artifactKey: Guid(36865e2434b631141803c211851860cd) Importer(815301076,1909f56bfc062723c751e8b465ee728b)
Start importing Assets/Sprites/Pigun Animations/pigun.png using Guid(36865e2434b631141803c211851860cd) Importer(815301076,1909f56bfc062723c751e8b465ee728b)  -> (artifact id: '282b09fb8462d11ea88b741145676b6f') in 0.146537 seconds
  Import took 0.149567 seconds .

========================================================================
Received Import Request.
  Time since last request: 0.000251 seconds.
  path: Assets/Sprites/Pigun Animations/pigun_fire.png
  artifactKey: Guid(27210f7f5bd6df449ab4f43eeb6ee08f) Importer(815301076,1909f56bfc062723c751e8b465ee728b)
Start importing Assets/Sprites/Pigun Animations/pigun_fire.png using Guid(27210f7f5bd6df449ab4f43eeb6ee08f) Importer(815301076,1909f56bfc062723c751e8b465ee728b)  -> (artifact id: 'de15aa045fe78c1aa53be9dc99819fde') in 0.022996 seconds
  Import took 0.026087 seconds .

========================================================================
Received Prepare
Registering precompiled user dll's ...
Registered in 0.003602 seconds.
Begin MonoManager ReloadAssembly
Native extension for WindowsStandalone target not found
Native extension for WebGL target not found
Refreshing native plugins compatible for Editor in 0.41 ms, found 3 plugins.
Preloading 0 native plugins for Editor in 0.00 ms.
Mono: successfully reloaded assembly
- Completed reload, in  0.921 seconds
Platform modules already initialized, skipping
Refreshing native plugins compatible for Editor in 0.44 ms, found 3 plugins.
Preloading 0 native plugins for Editor in 0.00 ms.
Unloading 2223 Unused Serialized files (Serialized files now loaded: 0)
System memory in use before: 100.5 MB.
System memory in use after: 100.5 MB.

Unloading 22 unused Assets to reduce memory usage. Loaded Objects now: 2677.
Total: 2.278100 ms (FindLiveObjects: 0.193300 ms CreateObjectMapping: 0.064000 ms MarkObjects: 1.930800 ms  DeleteObjects: 0.089200 ms)

========================================================================
Received Import Request.
  Time since last request: 392.891669 seconds.
  path: Assets/Scenes/Dev/Boomo/ooga booga.unity
  artifactKey: Guid(3bd79bbc8c87c1140826e4046560c69f) Importer(815301076,1909f56bfc062723c751e8b465ee728b)
Start importing Assets/Scenes/Dev/Boomo/ooga booga.unity using Guid(3bd79bbc8c87c1140826e4046560c69f) Importer(815301076,1909f56bfc062723c751e8b465ee728b)  -> (artifact id: 'b3d31310fade9d57dff780f41418ac62') in 0.028820 seconds
  Import took 0.032026 seconds .

========================================================================
Received Import Request.
  Time since last request: 742.250687 seconds.
  path: Assets/Scripts/Player/Paper.cs
  artifactKey: Guid(74db158e293f414458916fe53b22d987) Importer(815301076,1909f56bfc062723c751e8b465ee728b)
Start importing Assets/Scripts/Player/Paper.cs using Guid(74db158e293f414458916fe53b22d987) Importer(815301076,1909f56bfc062723c751e8b465ee728b)  -> (artifact id: 'cc925042fdc307a4d25e0d6e2172ab3f') in 0.036264 seconds
  Import took 0.039942 seconds .

========================================================================
Received Import Request.
  Time since last request: 0.003322 seconds.
  path: Assets/Scripts/Player/Paper.cs
  artifactKey: Guid(74db158e293f414458916fe53b22d987) Importer(815301076,1909f56bfc062723c751e8b465ee728b)
Start importing Assets/Scripts/Player/Paper.cs using Guid(74db158e293f414458916fe53b22d987) Importer(815301076,1909f56bfc062723c751e8b465ee728b)  -> (artifact id: 'cc925042fdc307a4d25e0d6e2172ab3f') in 0.001458 seconds
  Import took 0.007051 seconds .

========================================================================
Received Import Request.
  Time since last request: 0.506288 seconds.
  path: Assets/Scripts/Player/PaperTimer.cs
  artifactKey: Guid(44f34d3e9c95c5b458273c8463e11cd2) Importer(815301076,1909f56bfc062723c751e8b465ee728b)
Start importing Assets/Scripts/Player/PaperTimer.cs using Guid(44f34d3e9c95c5b458273c8463e11cd2) Importer(815301076,1909f56bfc062723c751e8b465ee728b)  -> (artifact id: '3858bae4429e765122ff511f2da2bcc4') in 0.016951 seconds
  Import took 0.028773 seconds .

========================================================================
Received Import Request.
  Time since last request: 0.331967 seconds.
  path: Assets/Scripts/Player/Player.cs
  artifactKey: Guid(8e58b8ab812d5bc44bc05aa9db28d4d0) Importer(815301076,1909f56bfc062723c751e8b465ee728b)
Start importing Assets/Scripts/Player/Player.cs using Guid(8e58b8ab812d5bc44bc05aa9db28d4d0) Importer(815301076,1909f56bfc062723c751e8b465ee728b)  -> (artifact id: '450e66af0a308a3f9ac1bb8c6a42693f') in 0.016917 seconds
  Import took 0.019897 seconds .

========================================================================
Received Import Request.
  Time since last request: 3305.217116 seconds.
  path: Assets/Prefabs/UI
  artifactKey: Guid(b7824c421eb71d14c9e7b405ccec3ebd) Importer(815301076,1909f56bfc062723c751e8b465ee728b)
Start importing Assets/Prefabs/UI using Guid(b7824c421eb71d14c9e7b405ccec3ebd) Importer(815301076,1909f56bfc062723c751e8b465ee728b)  -> (artifact id: '365a4a0707bec3f3da9352c4f57468f7') in 0.017854 seconds
  Import took 0.047177 seconds .

========================================================================
Received Import Request.
  Time since last request: 1329.882220 seconds.
  path: Assets/Fonts/alagard/alagard.ttf
  artifactKey: Guid(78d895d8f04eb3149a15054f961a438e) Importer(815301076,1909f56bfc062723c751e8b465ee728b)
Start importing Assets/Fonts/alagard/alagard.ttf using Guid(78d895d8f04eb3149a15054f961a438e) Importer(815301076,1909f56bfc062723c751e8b465ee728b)  -> (artifact id: '9b395e9fbbd61a9a052fd595db53e37c') in 0.195010 seconds
  Import took 0.198844 seconds .

========================================================================
Received Import Request.
  Time since last request: 0.000263 seconds.
  path: Assets/TextMesh Pro/Fonts/LiberationSans.ttf
  artifactKey: Guid(e3265ab4bf004d28a9537516768c1c75) Importer(815301076,1909f56bfc062723c751e8b465ee728b)
Start importing Assets/TextMesh Pro/Fonts/LiberationSans.ttf using Guid(e3265ab4bf004d28a9537516768c1c75) Importer(815301076,1909f56bfc062723c751e8b465ee728b)  -> (artifact id: 'bdddd331c3f1b7826858a8d92db67e39') in 0.016075 seconds
  Import took 0.019034 seconds .

========================================================================
Received Prepare
Registering precompiled user dll's ...
Registered in 0.003556 seconds.
Begin MonoManager ReloadAssembly
Native extension for WindowsStandalone target not found
Native extension for WebGL target not found
Refreshing native plugins compatible for Editor in 0.42 ms, found 3 plugins.
Preloading 0 native plugins for Editor in 0.00 ms.
Mono: successfully reloaded assembly
- Completed reload, in  1.069 seconds
Platform modules already initialized, skipping
Refreshing native plugins compatible for Editor in 0.50 ms, found 3 plugins.
Preloading 0 native plugins for Editor in 0.00 ms.
Unloading 2236 Unused Serialized files (Serialized files now loaded: 0)
System memory in use before: 103.1 MB.
System memory in use after: 102.5 MB.

Unloading 35 unused Assets to reduce memory usage. Loaded Objects now: 2723.
Total: 3.015500 ms (FindLiveObjects: 0.213500 ms CreateObjectMapping: 0.101000 ms MarkObjects: 2.338200 ms  DeleteObjects: 0.361800 ms)

========================================================================
Received Prepare
Registering precompiled user dll's ...
Registered in 0.003442 seconds.
Begin MonoManager ReloadAssembly
Native extension for WindowsStandalone target not found
Native extension for WebGL target not found
Refreshing native plugins compatible for Editor in 0.62 ms, found 3 plugins.
Preloading 0 native plugins for Editor in 0.00 ms.
Mono: successfully reloaded assembly
- Completed reload, in  0.929 seconds
Platform modules already initialized, skipping
Refreshing native plugins compatible for Editor in 0.56 ms, found 3 plugins.
Preloading 0 native plugins for Editor in 0.00 ms.
Unloading 2236 Unused Serialized files (Serialized files now loaded: 0)
System memory in use before: 103.1 MB.
System memory in use after: 102.6 MB.

Unloading 35 unused Assets to reduce memory usage. Loaded Objects now: 2727.
Total: 2.556300 ms (FindLiveObjects: 0.203600 ms CreateObjectMapping: 0.070900 ms MarkObjects: 1.957200 ms  DeleteObjects: 0.323800 ms)

========================================================================
Received Import Request.
  Time since last request: 774.523734 seconds.
  path: Assets/Scripts/Player/NewBehaviourScript.cs
  artifactKey: Guid(1e497a3919067a14dbae6c70c3aa131f) Importer(815301076,1909f56bfc062723c751e8b465ee728b)
Start importing Assets/Scripts/Player/NewBehaviourScript.cs using Guid(1e497a3919067a14dbae6c70c3aa131f) Importer(815301076,1909f56bfc062723c751e8b465ee728b)  -> (artifact id: '70aa0663f8bd996e1e1e179fde58aab4') in 0.021225 seconds
  Import took 0.025090 seconds .

========================================================================
Received Prepare
Registering precompiled user dll's ...
Registered in 0.004417 seconds.
Begin MonoManager ReloadAssembly
Native extension for WindowsStandalone target not found
Native extension for WebGL target not found
Refreshing native plugins compatible for Editor in 0.42 ms, found 3 plugins.
Preloading 0 native plugins for Editor in 0.00 ms.
Mono: successfully reloaded assembly
- Completed reload, in  0.938 seconds
Platform modules already initialized, skipping
Refreshing native plugins compatible for Editor in 0.41 ms, found 3 plugins.
Preloading 0 native plugins for Editor in 0.00 ms.
Unloading 2236 Unused Serialized files (Serialized files now loaded: 0)
System memory in use before: 103.1 MB.
System memory in use after: 102.6 MB.

Unloading 35 unused Assets to reduce memory usage. Loaded Objects now: 2731.
Total: 2.534800 ms (FindLiveObjects: 0.184000 ms CreateObjectMapping: 0.081200 ms MarkObjects: 1.885800 ms  DeleteObjects: 0.383100 ms)

========================================================================
Received Import Request.
  Time since last request: 10.695072 seconds.
  path: Assets/Scripts/UI
  artifactKey: Guid(4605ce0ffbdd231429cd38b3465b2271) Importer(815301076,1909f56bfc062723c751e8b465ee728b)
Start importing Assets/Scripts/UI using Guid(4605ce0ffbdd231429cd38b3465b2271) Importer(815301076,1909f56bfc062723c751e8b465ee728b)  -> (artifact id: 'd0a2e10696d2f46cab4099c05066e6c1') in 0.006514 seconds
  Import took 0.022628 seconds .

========================================================================
Received Import Request.
  Time since last request: 8.371104 seconds.
  path: Assets/Scripts/UI/PauseMenu.cs
  artifactKey: Guid(502a1e089663946498086ac9be2340aa) Importer(815301076,1909f56bfc062723c751e8b465ee728b)
Start importing Assets/Scripts/UI/PauseMenu.cs using Guid(502a1e089663946498086ac9be2340aa) Importer(815301076,1909f56bfc062723c751e8b465ee728b)  -> (artifact id: 'e092d39e2bc1a6a5b6380a39d8f9ef88') in 0.019854 seconds
  Import took 0.023325 seconds .

========================================================================
Received Prepare
Registering precompiled user dll's ...
Registered in 0.004562 seconds.
Begin MonoManager ReloadAssembly
Native extension for WindowsStandalone target not found
Native extension for WebGL target not found
Refreshing native plugins compatible for Editor in 0.44 ms, found 3 plugins.
Preloading 0 native plugins for Editor in 0.00 ms.
Mono: successfully reloaded assembly
- Completed reload, in  0.977 seconds
Platform modules already initialized, skipping
Refreshing native plugins compatible for Editor in 0.44 ms, found 3 plugins.
Preloading 0 native plugins for Editor in 0.00 ms.
Unloading 2237 Unused Serialized files (Serialized files now loaded: 0)
System memory in use before: 103.1 MB.
System memory in use after: 102.5 MB.

Unloading 35 unused Assets to reduce memory usage. Loaded Objects now: 2736.
Total: 2.789600 ms (FindLiveObjects: 0.210400 ms CreateObjectMapping: 0.123000 ms MarkObjects: 2.102900 ms  DeleteObjects: 0.352400 ms)

========================================================================
Received Prepare
Registering precompiled user dll's ...
Registered in 0.003567 seconds.
Begin MonoManager ReloadAssembly
Native extension for WindowsStandalone target not found
Native extension for WebGL target not found
Refreshing native plugins compatible for Editor in 0.44 ms, found 3 plugins.
Preloading 0 native plugins for Editor in 0.00 ms.
Mono: successfully reloaded assembly
- Completed reload, in  1.004 seconds
Platform modules already initialized, skipping
Refreshing native plugins compatible for Editor in 0.47 ms, found 3 plugins.
Preloading 0 native plugins for Editor in 0.00 ms.
Unloading 2237 Unused Serialized files (Serialized files now loaded: 0)
System memory in use before: 103.2 MB.
System memory in use after: 102.6 MB.

Unloading 35 unused Assets to reduce memory usage. Loaded Objects now: 2740.
Total: 2.562200 ms (FindLiveObjects: 0.222000 ms CreateObjectMapping: 0.081100 ms MarkObjects: 1.912100 ms  DeleteObjects: 0.346100 ms)

========================================================================
Received Import Request.
  Time since last request: 157.299949 seconds.
  path: Assets/Scripts/UI/PauseMenu.cs
  artifactKey: Guid(502a1e089663946498086ac9be2340aa) Importer(815301076,1909f56bfc062723c751e8b465ee728b)
Start importing Assets/Scripts/UI/PauseMenu.cs using Guid(502a1e089663946498086ac9be2340aa) Importer(815301076,1909f56bfc062723c751e8b465ee728b)  -> (artifact id: '696e9059a0f0a1b1e4e1e81fac5b12e0') in 0.003784 seconds
  Import took 0.006679 seconds .

========================================================================
Received Prepare
Registering precompiled user dll's ...
Registered in 0.004750 seconds.
Begin MonoManager ReloadAssembly
Native extension for WindowsStandalone target not found
Native extension for WebGL target not found
Refreshing native plugins compatible for Editor in 0.42 ms, found 3 plugins.
Preloading 0 native plugins for Editor in 0.00 ms.
Mono: successfully reloaded assembly
- Completed reload, in  0.919 seconds
Platform modules already initialized, skipping
Refreshing native plugins compatible for Editor in 0.41 ms, found 3 plugins.
Preloading 0 native plugins for Editor in 0.00 ms.
Unloading 2237 Unused Serialized files (Serialized files now loaded: 0)
System memory in use before: 103.2 MB.
System memory in use after: 102.6 MB.

Unloading 35 unused Assets to reduce memory usage. Loaded Objects now: 2744.
Total: 2.738700 ms (FindLiveObjects: 0.202200 ms CreateObjectMapping: 0.068000 ms MarkObjects: 2.117300 ms  DeleteObjects: 0.350500 ms)

========================================================================
Received Import Request.
  Time since last request: 55.827775 seconds.
  path: Assets/Scripts/UI/PauseMenu.cs
  artifactKey: Guid(502a1e089663946498086ac9be2340aa) Importer(815301076,1909f56bfc062723c751e8b465ee728b)
Start importing Assets/Scripts/UI/PauseMenu.cs using Guid(502a1e089663946498086ac9be2340aa) Importer(815301076,1909f56bfc062723c751e8b465ee728b)  -> (artifact id: 'a0401c8c4b1803be81104ebe6c86462e') in 0.003933 seconds
  Import took 0.006906 seconds .

========================================================================
Received Prepare
Registering precompiled user dll's ...
Registered in 0.003499 seconds.
Begin MonoManager ReloadAssembly
Native extension for WindowsStandalone target not found
Native extension for WebGL target not found
Refreshing native plugins compatible for Editor in 0.42 ms, found 3 plugins.
Preloading 0 native plugins for Editor in 0.00 ms.
Mono: successfully reloaded assembly
- Completed reload, in  0.916 seconds
Platform modules already initialized, skipping
Refreshing native plugins compatible for Editor in 0.44 ms, found 3 plugins.
Preloading 0 native plugins for Editor in 0.00 ms.
Unloading 2237 Unused Serialized files (Serialized files now loaded: 0)
System memory in use before: 103.2 MB.
System memory in use after: 102.6 MB.

Unloading 35 unused Assets to reduce memory usage. Loaded Objects now: 2748.
Total: 2.539800 ms (FindLiveObjects: 0.196000 ms CreateObjectMapping: 0.085300 ms MarkObjects: 1.912300 ms  DeleteObjects: 0.345300 ms)

========================================================================
Received Prepare
Registering precompiled user dll's ...
Registered in 0.003521 seconds.
Begin MonoManager ReloadAssembly
Native extension for WindowsStandalone target not found
Native extension for WebGL target not found
Refreshing native plugins compatible for Editor in 0.43 ms, found 3 plugins.
Preloading 0 native plugins for Editor in 0.00 ms.
Mono: successfully reloaded assembly
- Completed reload, in  0.931 seconds
Platform modules already initialized, skipping
Refreshing native plugins compatible for Editor in 0.41 ms, found 3 plugins.
Preloading 0 native plugins for Editor in 0.00 ms.
Unloading 2237 Unused Serialized files (Serialized files now loaded: 0)
System memory in use before: 103.2 MB.
System memory in use after: 102.6 MB.

Unloading 35 unused Assets to reduce memory usage. Loaded Objects now: 2752.
Total: 2.637700 ms (FindLiveObjects: 0.221500 ms CreateObjectMapping: 0.073400 ms MarkObjects: 1.875800 ms  DeleteObjects: 0.466200 ms)

========================================================================
Received Prepare
Registering precompiled user dll's ...
Registered in 0.003571 seconds.
Begin MonoManager ReloadAssembly
Native extension for WindowsStandalone target not found
Native extension for WebGL target not found
Refreshing native plugins compatible for Editor in 0.43 ms, found 3 plugins.
Preloading 0 native plugins for Editor in 0.00 ms.
Mono: successfully reloaded assembly
- Completed reload, in  0.910 seconds
Platform modules already initialized, skipping
Refreshing native plugins compatible for Editor in 0.44 ms, found 3 plugins.
Preloading 0 native plugins for Editor in 0.00 ms.
Unloading 2237 Unused Serialized files (Serialized files now loaded: 0)
System memory in use before: 103.1 MB.
System memory in use after: 102.6 MB.

Unloading 35 unused Assets to reduce memory usage. Loaded Objects now: 2756.
Total: 2.709400 ms (FindLiveObjects: 0.237700 ms CreateObjectMapping: 0.088900 ms MarkObjects: 2.024100 ms  DeleteObjects: 0.357800 ms)

========================================================================
Received Prepare
Registering precompiled user dll's ...
Registered in 0.003606 seconds.
Begin MonoManager ReloadAssembly
Native extension for WindowsStandalone target not found
Native extension for WebGL target not found
Refreshing native plugins compatible for Editor in 0.44 ms, found 3 plugins.
Preloading 0 native plugins for Editor in 0.00 ms.
Mono: successfully reloaded assembly
- Completed reload, in  0.902 seconds
Platform modules already initialized, skipping
Refreshing native plugins compatible for Editor in 0.45 ms, found 3 plugins.
Preloading 0 native plugins for Editor in 0.00 ms.
Unloading 2237 Unused Serialized files (Serialized files now loaded: 0)
System memory in use before: 103.2 MB.
System memory in use after: 102.7 MB.

Unloading 35 unused Assets to reduce memory usage. Loaded Objects now: 2760.
Total: 2.678100 ms (FindLiveObjects: 0.210800 ms CreateObjectMapping: 0.072600 ms MarkObjects: 2.045900 ms  DeleteObjects: 0.347600 ms)

========================================================================
Received Prepare
Registering precompiled user dll's ...
Registered in 0.003665 seconds.
Begin MonoManager ReloadAssembly
Native extension for WindowsStandalone target not found
Native extension for WebGL target not found
Refreshing native plugins compatible for Editor in 0.43 ms, found 3 plugins.
Preloading 0 native plugins for Editor in 0.00 ms.
Mono: successfully reloaded assembly
- Completed reload, in  1.005 seconds
Platform modules already initialized, skipping
Refreshing native plugins compatible for Editor in 0.42 ms, found 3 plugins.
Preloading 0 native plugins for Editor in 0.00 ms.
Unloading 2237 Unused Serialized files (Serialized files now loaded: 0)
System memory in use before: 103.3 MB.
System memory in use after: 102.7 MB.

Unloading 35 unused Assets to reduce memory usage. Loaded Objects now: 2764.
Total: 2.615300 ms (FindLiveObjects: 0.235900 ms CreateObjectMapping: 0.089600 ms MarkObjects: 1.916100 ms  DeleteObjects: 0.372800 ms)

AssetImportWorkerClient::OnTransportError - code=2 error=End of file
